	linux-vdso.so.1 (0x00007fffed9d7000)
	libmpi_amd.so.12 => /opt/cray/pe/mpich/8.1.28/ofi/amd/5.0/lib/libmpi_amd.so.12 (0x00007fffeb500000)
	libmpi_gtl_hsa.so.0 => /opt/cray/pe/mpich/8.1.28/gtl/lib/libmpi_gtl_hsa.so.0 (0x00007fffeb200000)
	libfftw3.so.mpi31.3 => /opt/cray/pe/fftw/3.3.10.6/x86_trento/lib/libfftw3.so.mpi31.3 (0x00007fffeac00000)
	libfftw3_omp.so.mpi31.3 => /opt/cray/pe/fftw/3.3.10.6/x86_trento/lib/libfftw3_omp.so.mpi31.3 (0x00007fffea800000)
	libm.so.6 => /lib64/libm.so.6 (0x00007fffeaab4000)
	libomp.so => /opt/rocm-5.7.1/llvm/lib/libomp.so (0x00007fffea70d000)
	libpthread.so.0 => /lib64/libpthread.so.0 (0x00007fffeb4bb000)
	libamdhip64.so.5 => /opt/rocm-5.7.1/lib/libamdhip64.so.5 (0x00007fffe9041000)
	libdl.so.2 => /lib64/libdl.so.2 (0x00007fffeb4b4000)
	libstdc++.so.6 => /usr/lib64/libstdc++.so.6 (0x00007fffe8dfc000)
	libgcc_s.so.1 => /lib64/libgcc_s.so.1 (0x00007fffeb490000)
	libc.so.6 => /lib64/libc.so.6 (0x00007fffe8c05000)
	libfabric.so.1 => /opt/cray/libfabric/1.15.2.0/lib64/libfabric.so.1 (0x00007fffe8800000)
	libatomic.so.1 => /usr/lib64/libatomic.so.1 (0x00007fffeb486000)
	librt.so.1 => /lib64/librt.so.1 (0x00007fffeb47a000)
	libpmi.so.0 => /opt/cray/pe/pmi/6.1.13/lib/libpmi.so.0 (0x00007fffe8400000)
	libpmi2.so.0 => /opt/cray/pe/pmi/6.1.13/lib/libpmi2.so.0 (0x00007fffe8000000)
	libpgmath.so => /opt/rocm-5.7.1/llvm/lib/libpgmath.so (0x00007fffe7dd4000)
	libflang.so => /opt/rocm-5.7.1/llvm/lib/libflang.so (0x00007fffe79e7000)
	libflangrti.so => /opt/rocm-5.7.1/llvm/lib/libflangrti.so (0x00007fffeb1f1000)
	libompstub.so => /opt/rocm-5.7.1/llvm/lib/libompstub.so (0x00007fffeb1e8000)
	/lib64/ld-linux-x86-64.so.2 (0x00007fffed9d9000)
	libhsa-runtime64.so.1 => /opt/rocm-5.7.1/hsa/lib/libhsa-runtime64.so.1 (0x00007fffe7745000)
	libamd_comgr.so.2 => /opt/rocm-5.7.1/lib/libamd_comgr.so.2 (0x00007fffdf36b000)
	libnuma.so.1 => /usr/lib64/libnuma.so.1 (0x00007fffdf000000)
	libcxi.so.1 => /usr/lib64/libcxi.so.1 (0x00007fffdec00000)
	libcurl.so.4 => /usr/lib64/libcurl.so.4 (0x00007fffeaa0a000)
	libjson-c.so.3 => /usr/lib64/libjson-c.so.3 (0x00007fffde800000)
	libpals.so.0 => /opt/cray/pe/lib64/libpals.so.0 (0x00007fffde400000)
	libquadmath.so.0 => /opt/cray/pe/lib64/cce/libquadmath.so.0 (0x00007fffde000000)
	libelf.so.1 => /usr/lib64/libelf.so.1 (0x00007fffddc00000)
	libdrm.so.2 => /opt/amdgpu/lib64/libdrm.so.2 (0x00007fffdd800000)
	libdrm_amdgpu.so.1 => /opt/amdgpu/lib64/libdrm_amdgpu.so.1 (0x00007fffdd400000)
	libz.so.1 => /lib64/libz.so.1 (0x00007fffeb1cc000)
	libzstd.so.1 => /usr/lib64/libzstd.so.1 (0x00007fffe86cf000)
	libtinfo.so.6 => /lib64/libtinfo.so.6 (0x00007fffeb19d000)
	libnl-3.so.200 => /usr/lib64/libnl-3.so.200 (0x00007fffdd000000)
	libnghttp2.so.14 => /usr/lib64/libnghttp2.so.14 (0x00007fffeb172000)
	libidn2.so.0 => /usr/lib64/libidn2.so.0 (0x00007fffdcc00000)
	libssh.so.4 => /usr/lib64/libssh.so.4 (0x00007fffdc800000)
	libpsl.so.5 => /usr/lib64/libpsl.so.5 (0x00007fffdc400000)
	libssl.so.1.1 => /usr/lib64/libssl.so.1.1 (0x00007fffe8b66000)
	libcrypto.so.1.1 => /usr/lib64/libcrypto.so.1.1 (0x00007fffdc0c1000)
	libgssapi_krb5.so.2 => /usr/lib64/libgssapi_krb5.so.2 (0x00007fffe8b13000)
	libldap_r-2.4.so.2 => /usr/lib64/libldap_r-2.4.so.2 (0x00007fffe867a000)
	liblber-2.4.so.2 => /usr/lib64/liblber-2.4.so.2 (0x00007fffe8b03000)
	libbrotlidec.so.1 => /usr/lib64/libbrotlidec.so.1 (0x00007fffdbe00000)
	libunistring.so.2 => /usr/lib64/libunistring.so.2 (0x00007fffdba00000)
	libjitterentropy.so.3 => /usr/lib64/libjitterentropy.so.3 (0x00007fffdb600000)
	libkrb5.so.3 => /usr/lib64/libkrb5.so.3 (0x00007fffe8326000)
	libk5crypto.so.3 => /usr/lib64/libk5crypto.so.3 (0x00007fffe8662000)
	libcom_err.so.2 => /lib64/libcom_err.so.2 (0x00007fffdb200000)
	libkrb5support.so.0 => /usr/lib64/libkrb5support.so.0 (0x00007fffe8653000)
	libresolv.so.2 => /lib64/libresolv.so.2 (0x00007fffe863b000)
	libsasl2.so.3 => /usr/lib64/libsasl2.so.3 (0x00007fffdae00000)
	libbrotlicommon.so.1 => /usr/lib64/libbrotlicommon.so.1 (0x00007fffdaa00000)
	libkeyutils.so.1 => /usr/lib64/libkeyutils.so.1 (0x00007fffda600000)
	libselinux.so.1 => /lib64/libselinux.so.1 (0x00007fffda200000)
	libpcre.so.1 => /usr/lib64/libpcre.so.1 (0x00007fffd9e00000)
