	linux-vdso.so.1 (0x00007fffed9d7000)
	libmpi_amd.so.12 => /mnt/bb/hagertnl/lmp_libs/libmpi_amd.so.12 (0x00007fffeb500000)
	libmpi_gtl_hsa.so.0 => /mnt/bb/hagertnl/lmp_libs/libmpi_gtl_hsa.so.0 (0x00007fffeb200000)
	libfftw3.so.mpi31.3 => /mnt/bb/hagertnl/lmp_libs/libfftw3.so.mpi31.3 (0x00007fffeac00000)
	libfftw3_omp.so.mpi31.3 => /mnt/bb/hagertnl/lmp_libs/libfftw3_omp.so.mpi31.3 (0x00007fffea800000)
	libm.so.6 => /mnt/bb/hagertnl/lmp_libs/libm.so.6 (0x00007fffeaab4000)
	libomp.so => /mnt/bb/hagertnl/lmp_libs/libomp.so (0x00007fffea70d000)
	libpthread.so.0 => /mnt/bb/hagertnl/lmp_libs/libpthread.so.0 (0x00007fffeb4da000)
	libamdhip64.so.5 => /mnt/bb/hagertnl/lmp_libs/libamdhip64.so.5 (0x00007fffe9041000)
	libdl.so.2 => /mnt/bb/hagertnl/lmp_libs/libdl.so.2 (0x00007fffeb4d5000)
	libstdc++.so.6 => /mnt/bb/hagertnl/lmp_libs/libstdc++.so.6 (0x00007fffe8dfc000)
	libgcc_s.so.1 => /mnt/bb/hagertnl/lmp_libs/libgcc_s.so.1 (0x00007fffeb4af000)
	libc.so.6 => /mnt/bb/hagertnl/lmp_libs/libc.so.6 (0x00007fffe8c05000)
	libfabric.so.1 => /mnt/bb/hagertnl/lmp_libs/libfabric.so.1 (0x00007fffe8800000)
	libatomic.so.1 => /mnt/bb/hagertnl/lmp_libs/libatomic.so.1 (0x00007fffeb4a5000)
	librt.so.1 => /mnt/bb/hagertnl/lmp_libs/librt.so.1 (0x00007fffeb49b000)
	libpmi.so.0 => /mnt/bb/hagertnl/lmp_libs/libpmi.so.0 (0x00007fffe8400000)
	libpmi2.so.0 => /mnt/bb/hagertnl/lmp_libs/libpmi2.so.0 (0x00007fffe8000000)
	libpgmath.so => /mnt/bb/hagertnl/lmp_libs/libpgmath.so (0x00007fffe7dd4000)
	libflang.so => /mnt/bb/hagertnl/lmp_libs/libflang.so (0x00007fffe79e7000)
	libflangrti.so => /mnt/bb/hagertnl/lmp_libs/libflangrti.so (0x00007fffeb48a000)
	libompstub.so => /mnt/bb/hagertnl/lmp_libs/libompstub.so (0x00007fffeb483000)
	/lib64/ld-linux-x86-64.so.2 (0x00007fffed9d9000)
	libhsa-runtime64.so.1 => /mnt/bb/hagertnl/lmp_libs/libhsa-runtime64.so.1 (0x00007fffe7745000)
	libamd_comgr.so.2 => /mnt/bb/hagertnl/lmp_libs/libamd_comgr.so.2 (0x00007fffdf36b000)
	libnuma.so.1 => /mnt/bb/hagertnl/lmp_libs/libnuma.so.1 (0x00007fffdf000000)
	libcxi.so.1 => /mnt/bb/hagertnl/lmp_libs/libcxi.so.1 (0x00007fffdec00000)
	libcurl.so.4 => /mnt/bb/hagertnl/lmp_libs/libcurl.so.4 (0x00007fffeaa0a000)
	libjson-c.so.3 => /mnt/bb/hagertnl/lmp_libs/libjson-c.so.3 (0x00007fffde800000)
	libpals.so.0 => /mnt/bb/hagertnl/lmp_libs/libpals.so.0 (0x00007fffde400000)
	libquadmath.so.0 => /mnt/bb/hagertnl/lmp_libs/libquadmath.so.0 (0x00007fffde000000)
	libelf.so.1 => /mnt/bb/hagertnl/lmp_libs/libelf.so.1 (0x00007fffddc00000)
	libdrm.so.2 => /mnt/bb/hagertnl/lmp_libs/libdrm.so.2 (0x00007fffdd800000)
	libdrm_amdgpu.so.1 => /mnt/bb/hagertnl/lmp_libs/libdrm_amdgpu.so.1 (0x00007fffdd400000)
	libz.so.1 => /mnt/bb/hagertnl/lmp_libs/libz.so.1 (0x00007fffeb1e8000)
	libzstd.so.1 => /mnt/bb/hagertnl/lmp_libs/libzstd.so.1 (0x00007fffe86cf000)
	libtinfo.so.6 => /mnt/bb/hagertnl/lmp_libs/libtinfo.so.6 (0x00007fffeb1b9000)
	libnl-3.so.200 => /mnt/bb/hagertnl/lmp_libs/libnl-3.so.200 (0x00007fffdd000000)
	libnghttp2.so.14 => /mnt/bb/hagertnl/lmp_libs/libnghttp2.so.14 (0x00007fffeb190000)
	libidn2.so.0 => /mnt/bb/hagertnl/lmp_libs/libidn2.so.0 (0x00007fffdcc00000)
	libssh.so.4 => /mnt/bb/hagertnl/lmp_libs/libssh.so.4 (0x00007fffdc800000)
	libpsl.so.5 => /mnt/bb/hagertnl/lmp_libs/libpsl.so.5 (0x00007fffdc400000)
	libssl.so.1.1 => /mnt/bb/hagertnl/lmp_libs/libssl.so.1.1 (0x00007fffe8b66000)
	libcrypto.so.1.1 => /mnt/bb/hagertnl/lmp_libs/libcrypto.so.1.1 (0x00007fffdc0c1000)
	libgssapi_krb5.so.2 => /mnt/bb/hagertnl/lmp_libs/libgssapi_krb5.so.2 (0x00007fffe8b13000)
	libldap_r-2.4.so.2 => /mnt/bb/hagertnl/lmp_libs/libldap_r-2.4.so.2 (0x00007fffe867a000)
	liblber-2.4.so.2 => /mnt/bb/hagertnl/lmp_libs/liblber-2.4.so.2 (0x00007fffeb17e000)
	libbrotlidec.so.1 => /mnt/bb/hagertnl/lmp_libs/libbrotlidec.so.1 (0x00007fffdbe00000)
	libunistring.so.2 => /mnt/bb/hagertnl/lmp_libs/libunistring.so.2 (0x00007fffdba00000)
	libjitterentropy.so.3 => /mnt/bb/hagertnl/lmp_libs/libjitterentropy.so.3 (0x00007fffdb600000)
	libkrb5.so.3 => /mnt/bb/hagertnl/lmp_libs/libkrb5.so.3 (0x00007fffe8326000)
	libk5crypto.so.3 => /mnt/bb/hagertnl/lmp_libs/libk5crypto.so.3 (0x00007fffe8662000)
	libcom_err.so.2 => /mnt/bb/hagertnl/lmp_libs/libcom_err.so.2 (0x00007fffdb200000)
	libkrb5support.so.0 => /mnt/bb/hagertnl/lmp_libs/libkrb5support.so.0 (0x00007fffeb16d000)
	libresolv.so.2 => /mnt/bb/hagertnl/lmp_libs/libresolv.so.2 (0x00007fffe864a000)
	libsasl2.so.3 => /mnt/bb/hagertnl/lmp_libs/libsasl2.so.3 (0x00007fffdae00000)
	libbrotlicommon.so.1 => /mnt/bb/hagertnl/lmp_libs/libbrotlicommon.so.1 (0x00007fffdaa00000)
	libkeyutils.so.1 => /mnt/bb/hagertnl/lmp_libs/libkeyutils.so.1 (0x00007fffda600000)
	libselinux.so.1 => /mnt/bb/hagertnl/lmp_libs/libselinux.so.1 (0x00007fffda200000)
	libpcre.so.1 => /mnt/bb/hagertnl/lmp_libs/libpcre.so.1 (0x00007fffd9e00000)
